<?xml version="1.0" encoding="UTF-8"?>
<testng-results skipped="0" failed="0" total="2" passed="2">
  <reporter-output>
  </reporter-output>
  <suite name="Default suite" duration-ms="75439" started-at="2019-08-06T09:34:13Z" finished-at="2019-08-06T09:35:28Z">
    <groups>
    </groups>
    <test name="Default test" duration-ms="75439" started-at="2019-08-06T09:34:13Z" finished-at="2019-08-06T09:35:28Z">
      <class name="javaPack1.OpenMultipleAccounts">
        <test-method status="PASS" signature="test()[pri:0, instance:javaPack1.OpenMultipleAccounts@6833ce2c]" name="test" is-config="true" duration-ms="12" started-at="2019-08-06T15:04:13Z" finished-at="2019-08-06T15:04:13Z">
          <reporter-output>
          </reporter-output>
        </test-method> <!-- test -->
        <test-method status="PASS" signature="faceebook()[pri:0, instance:javaPack1.OpenMultipleAccounts@6833ce2c]" name="faceebook" is-config="true" duration-ms="9994" started-at="2019-08-06T15:04:13Z" finished-at="2019-08-06T15:04:23Z">
          <reporter-output>
          </reporter-output>
        </test-method> <!-- faceebook -->
        <test-method status="PASS" signature="testcase1()[pri:0, instance:javaPack1.OpenMultipleAccounts@6833ce2c]" name="testcase1" duration-ms="16711" started-at="2019-08-06T15:04:23Z" finished-at="2019-08-06T15:04:39Z">
          <reporter-output>
          </reporter-output>
        </test-method> <!-- testcase1 -->
        <test-method status="PASS" signature="logout()[pri:0, instance:javaPack1.OpenMultipleAccounts@6833ce2c]" name="logout" is-config="true" duration-ms="13148" started-at="2019-08-06T15:04:39Z" finished-at="2019-08-06T15:04:53Z">
          <reporter-output>
          </reporter-output>
        </test-method> <!-- logout -->
        <test-method status="PASS" signature="faceebook()[pri:0, instance:javaPack1.OpenMultipleAccounts@6833ce2c]" name="faceebook" is-config="true" duration-ms="7991" started-at="2019-08-06T15:04:53Z" finished-at="2019-08-06T15:05:01Z">
          <reporter-output>
          </reporter-output>
        </test-method> <!-- faceebook -->
        <test-method status="PASS" signature="testcase2()[pri:0, instance:javaPack1.OpenMultipleAccounts@6833ce2c]" name="testcase2" duration-ms="16279" started-at="2019-08-06T15:05:01Z" finished-at="2019-08-06T15:05:17Z">
          <reporter-output>
          </reporter-output>
        </test-method> <!-- testcase2 -->
        <test-method status="PASS" signature="logout()[pri:0, instance:javaPack1.OpenMultipleAccounts@6833ce2c]" name="logout" is-config="true" duration-ms="11298" started-at="2019-08-06T15:05:17Z" finished-at="2019-08-06T15:05:28Z">
          <reporter-output>
          </reporter-output>
        </test-method> <!-- logout -->
      </class> <!-- javaPack1.OpenMultipleAccounts -->
    </test> <!-- Default test -->
  </suite> <!-- Default suite -->
</testng-results>
